MODE: RR
Starting job #1
Allocating 120
Memory at 904
Starting job #2
Allocating 10
Memory at 894
Starting job #3
Allocating 130
Memory at 764
Starting job #4
Allocating 140
Memory at 624
Job #1 completed
Deallocating 120
Memory at 744
Job #2 completed
Deallocating 10
Memory at 754
Job #4 completed
Deallocating 140
Memory at 894
Starting job #5
Allocating 20
Starting job #1
Job #3 completed
Deallocating 130
Memory at 1004
Starting job #4
Memory at 874
Starting job #6
Allocating 120
Memory at 884
Allocating 140
Memory at 744
Allocating 30
Memory at 714
Job #6 completed
Deallocating 30
Memory at 744
Starting job #2
Allocating 10
Memory at 734
Job #5 completed
Deallocating 20
Memory at 754
Starting job #3
Allocating 130
Memory at 624
Job #1 completed
Deallocating 120
Memory at 744
Job #4 completed
Deallocating 140
Memory at 884
Job #2 completed
Deallocating 10
Memory at 894
Job #3 completed
Deallocating 130
Memory at 1024
